<?xml version="1.0" encoding="UTF-8"?>
<TestRun id="1de56aa7-f32b-4a6a-bc40-9c3892aeee6b" name="ruben.rodriguez@BCN12 2011-06-21 13:18:49" runUser="DREISSIG\ruben.rodriguez" xmlns="http://microsoft.com/schemas/VisualStudio/TeamTest/2010">
  <TestSettings name="Local" id="7f444bb0-beb8-468f-b695-3d5ccb5048bb">
    <Description>These are default test settings for a local test run.</Description>
    <Deployment enabled="false" runDeploymentRoot="ruben.rodriguez_BCN12 2011-06-21 13_18_49">
      <DeploymentItem filename="D:\Ruben\GitHub\Junio-Simple-Lists\amedio\kata.junio.lists\kata.junio.lists\bin\Debug\kata.junio.lists.dll" />
    </Deployment>
    <Execution>
      <TestTypeSpecific />
      <AgentRule name="Execution Agents">
      </AgentRule>
    </Execution>
  </TestSettings>
  <Times creation="2011-06-21T13:18:49.0035904+02:00" queuing="2011-06-21T13:18:51.4125904+02:00" start="2011-06-21T13:18:51.5605904+02:00" finish="2011-06-21T13:18:52.5775904+02:00" />
  <ResultSummary outcome="Failed">
    <Counters total="1" executed="1" error="0" failed="1" timeout="0" aborted="0" inconclusive="0" passedButRunAborted="0" notRunnable="0" notExecuted="0" disconnected="0" warning="0" passed="0" completed="0" inProgress="0" pending="0" />
  </ResultSummary>
  <TestDefinitions>
    <UnitTest name="TestMethod1" storage="d:\ruben\github\junio-simple-lists\amedio\kata.junio.lists\kata.junio.lists.test\bin\debug\kata.junio.lists.test.dll" id="b0acce3f-dc1e-24c8-675c-727cecd6e6ac">
      <Execution id="d4b17f44-8f7d-4795-87d8-cf8b7b76c2f3" />
      <TestMethod codeBase="D:/Ruben/GitHub/Junio-Simple-Lists/amedio/kata.junio.lists/kata.junio.lists.test/bin/Debug/kata.junio.lists.test.DLL" adapterTypeName="Microsoft.VisualStudio.TestTools.TestTypes.Unit.UnitTestAdapter, Microsoft.VisualStudio.QualityTools.Tips.UnitTest.Adapter, Version=10.0.0.0, Culture=neutral, PublicKeyToken=b03f5f7f11d50a3a" className="kata.junio.lists.test.TestLists, kata.junio.lists.test, Version=1.0.0.0, Culture=neutral, PublicKeyToken=null" name="TestMethod1" />
    </UnitTest>
  </TestDefinitions>
  <TestLists>
    <TestList name="Results Not in a List" id="8c84fa94-04c1-424b-9868-57a2d4851a1d" />
    <TestList name="All Loaded Results" id="19431567-8539-422a-85d7-44ee4e166bda" />
  </TestLists>
  <TestEntries>
    <TestEntry testId="b0acce3f-dc1e-24c8-675c-727cecd6e6ac" executionId="d4b17f44-8f7d-4795-87d8-cf8b7b76c2f3" testListId="8c84fa94-04c1-424b-9868-57a2d4851a1d" />
  </TestEntries>
  <Results>
    <UnitTestResult executionId="d4b17f44-8f7d-4795-87d8-cf8b7b76c2f3" testId="b0acce3f-dc1e-24c8-675c-727cecd6e6ac" testName="TestMethod1" computerName="BCN12" duration="00:00:00.0962178" startTime="2011-06-21T13:18:51.6395904+02:00" endTime="2011-06-21T13:18:52.5145904+02:00" testType="13cdc9d9-ddb5-4fa4-a97d-d965ccfc6d4b" outcome="Failed" testListId="8c84fa94-04c1-424b-9868-57a2d4851a1d" relativeResultsDirectory="d4b17f44-8f7d-4795-87d8-cf8b7b76c2f3">
      <Output>
        <ErrorInfo>
          <Message>Test method kata.junio.lists.test.TestLists.TestMethod1 threw exception: 
System.NotImplementedException: The method or operation is not implemented.</Message>
          <StackTrace>    at kata.junio.lists.singlelinked.List.Add(String value) in D:\Ruben\GitHub\Junio-Simple-Lists\amedio\kata.junio.lists\kata.junio.lists\singlelinked\List.cs:line 22
   at kata.junio.lists.test.TestLists.TestMethod1() in D:\Ruben\GitHub\Junio-Simple-Lists\amedio\kata.junio.lists\kata.junio.lists.test\TestLists.cs:line 15
</StackTrace>
        </ErrorInfo>
      </Output>
    </UnitTestResult>
  </Results>
</TestRun>